20:09:41: Creating resource group General
20:09:41: Creating resource group Internal
20:09:41: Creating resource group Autodetect
20:09:41: Registering ResourceManager for type Mesh
20:09:41: Registering ResourceManager for type Material
20:09:41: Registering ResourceManager for type Skeleton
20:09:42: XMLMeshSerializer reading mesh data from C:\Users\ChrisMan\Desktop\SoulEdit\media\Yara.mesh.xml...
20:09:44: Reading geometry...
20:09:45: Geometry done...
20:09:45: Reading submeshes...
20:09:45: Submeshes done.
20:09:45: Skeleton: Loading Yara.skeleton
20:09:45: OGRE EXCEPTION(6:FileNotFoundException): Cannot locate resource Yara.skeleton in resource group General or any other group. in ResourceGroupManager::openResource at ..\src\OgreResourceGroupManager.cpp (line 753)
20:09:46: Unable to load skeleton Yara.skeleton for Mesh conversion. This Mesh will not be animated. You can ignore this message if you are using an offline tool.
20:09:46: Reading bone assignments...
20:09:46: Bone assignments done.
20:09:46: Reading mesh names...
20:09:46: Mesh names done.
20:09:46: XMLMeshSerializer import successful.
20:09:46: Reorganising vertex buffers to automatic layout..
20:09:46: MeshSerializer writing mesh data to C:\Users\ChrisMan\Desktop\SoulEdit\media\Yara.mesh...
20:09:46: File header written.
20:09:46: Writing mesh data...
20:09:46: Writing submesh...
20:09:46: Exporting submesh texture aliases...
20:09:46: Submesh texture aliases exported.
20:09:46: Submesh exported.
20:09:46: Exporting skeleton link...
20:09:46: Skeleton link exported.
20:09:46: Exporting shared geometry bone assignments...
20:09:46: Shared geometry bone assignments exported.
20:09:46: Exporting bounds information....
20:09:46: Bounds information exported.
20:09:46: Exporting submesh name table...
20:09:46: Submesh name table exported.
20:09:46: Exporting edge lists...
20:09:46: Edge lists exported
20:09:46: Mesh data exported.
20:09:46: MeshSerializer export successful.
20:09:46: Unregistering ResourceManager for type Skeleton
20:09:46: Unregistering ResourceManager for type Material
20:09:46: Unregistering ResourceManager for type Mesh
